2024-10-07 21:45:57,590 [Worker-16] INFO  o.e.m.c.i.p.ProjectConfigurationManager - Collecting project info '/pom.xml' C:\Users\User\Desktop\PracticaMaven2\maven_proyecto\pom.xml
2024-10-07 21:46:01,478 [Worker-16] INFO  o.e.m.c.i.l.LifecycleMappingFactory - Using org.maven.ide.eclipse.wtp.WarLifecycleMapping lifecycle mapping for MavenProject: com.ecodeup.mave:maven_proyecto:0.0.1-SNAPSHOT @ C:\Users\User\Desktop\PracticaMaven2\maven_proyecto\pom.xml.
2024-10-07 21:46:02,598 [Worker-16] INFO  o.e.m.j.i.AbstractJavaProjectConfigurator - Adding source folder /maven_proyecto/src/main/java
2024-10-07 21:46:02,599 [Worker-16] INFO  o.e.m.j.i.AbstractJavaProjectConfigurator - Adding resource folder /maven_proyecto/src/main/resources
2024-10-07 21:46:02,600 [Worker-16] INFO  o.e.m.j.i.AbstractJavaProjectConfigurator - Adding source folder /maven_proyecto/src/test/java
2024-10-07 21:46:04,342 [Worker-16] INFO  o.e.m.c.i.p.ProjectConfigurationManager - Imported and configured 1 project(s) in 6 sec
2024-10-07 21:46:05,277 [Worker-16] WARN  o.e.m.c.i.embedder.EclipseLogger - Using platform encoding (Cp1252 actually) to copy filtered resources, i.e. build is platform dependent!
2024-10-07 21:46:05,282 [Worker-16] INFO  o.e.m.c.i.embedder.EclipseLogger - Copying 0 resource
2024-10-07 21:46:05,284 [Worker-16] WARN  o.e.m.c.i.embedder.EclipseLogger - Using platform encoding (Cp1252 actually) to copy filtered resources, i.e. build is platform dependent!
2024-10-07 21:46:05,285 [Worker-16] INFO  o.e.m.c.i.embedder.EclipseLogger - skip non existing resourceDirectory C:\Users\User\Desktop\PracticaMaven2\maven_proyecto\src\test\resources
2024-10-07 21:49:24,066 [Worker-22] WARN  o.e.m.c.i.embedder.EclipseLogger - Using platform encoding (Cp1252 actually) to copy filtered resources, i.e. build is platform dependent!
2024-10-07 21:49:24,347 [Worker-22] INFO  o.e.m.c.i.embedder.EclipseLogger - Copying 0 resource
2024-10-07 21:49:24,349 [Worker-22] WARN  o.e.m.c.i.embedder.EclipseLogger - Using platform encoding (Cp1252 actually) to copy filtered resources, i.e. build is platform dependent!
2024-10-07 21:49:24,533 [Worker-22] INFO  o.e.m.c.i.embedder.EclipseLogger - skip non existing resourceDirectory C:\Users\User\Desktop\PracticaMaven2\maven_proyecto\src\test\resources
2024-10-07 21:49:49,853 [Worker-19] INFO  o.e.m.c.i.l.LifecycleMappingFactory - Using org.maven.ide.eclipse.wtp.WarLifecycleMapping lifecycle mapping for MavenProject: com.ecodeup.mave:maven_proyecto:0.0.1-SNAPSHOT @ C:\Users\User\Desktop\PracticaMaven2\maven_proyecto\pom.xml.
2024-10-07 21:49:50,806 [Worker-19] WARN  o.e.m.c.i.embedder.EclipseLogger - Using platform encoding (Cp1252 actually) to copy filtered resources, i.e. build is platform dependent!
2024-10-07 21:49:50,809 [Worker-19] INFO  o.e.m.c.i.embedder.EclipseLogger - Copying 0 resource
2024-10-07 21:49:50,811 [Worker-19] WARN  o.e.m.c.i.embedder.EclipseLogger - Using platform encoding (Cp1252 actually) to copy filtered resources, i.e. build is platform dependent!
2024-10-07 21:49:50,812 [Worker-19] INFO  o.e.m.c.i.embedder.EclipseLogger - skip non existing resourceDirectory C:\Users\User\Desktop\PracticaMaven2\maven_proyecto\src\test\resources
2024-10-07 21:49:50,813 [Worker-19] INFO  o.e.m.w.i.f.ResourceFilteringBuildParticipant - Changed resources require a complete clean of filtered resources of maven_proyecto
2024-10-07 21:49:50,814 [Worker-19] INFO  o.e.m.w.i.f.ResourceFilteringBuildParticipant - Executing resource filtering for maven_proyecto
2024-10-07 21:49:50,820 [Worker-19] WARN  o.e.m.c.i.embedder.EclipseLogger - Using platform encoding (Cp1252 actually) to copy filtered resources, i.e. build is platform dependent!
2024-10-07 21:49:51,017 [Worker-21] WARN  o.e.m.c.i.embedder.EclipseLogger - Using platform encoding (Cp1252 actually) to copy filtered resources, i.e. build is platform dependent!
2024-10-07 21:49:51,018 [Worker-21] INFO  o.e.m.c.i.embedder.EclipseLogger - Copying 0 resource
2024-10-07 21:49:51,019 [Worker-21] WARN  o.e.m.c.i.embedder.EclipseLogger - Using platform encoding (Cp1252 actually) to copy filtered resources, i.e. build is platform dependent!
2024-10-07 21:49:51,020 [Worker-21] INFO  o.e.m.c.i.embedder.EclipseLogger - skip non existing resourceDirectory C:\Users\User\Desktop\PracticaMaven2\maven_proyecto\src\test\resources
2024-10-07 21:50:01,383 [Worker-6] INFO  o.e.m.c.i.p.ProjectConfigurationManager - Update started
2024-10-07 21:50:01,967 [Worker-6] INFO  o.e.m.c.i.l.LifecycleMappingFactory - Using org.maven.ide.eclipse.wtp.WarLifecycleMapping lifecycle mapping for MavenProject: com.ecodeup.mave:maven_proyecto:0.0.1-SNAPSHOT @ C:\Users\User\Desktop\PracticaMaven2\maven_proyecto\pom.xml.
2024-10-07 21:50:02,702 [Worker-6] INFO  o.e.m.j.i.AbstractJavaProjectConfigurator - Adding source folder /maven_proyecto/src/main/java
2024-10-07 21:50:02,702 [Worker-6] INFO  o.e.m.j.i.AbstractJavaProjectConfigurator - Adding resource folder /maven_proyecto/src/main/resources
2024-10-07 21:50:02,703 [Worker-6] INFO  o.e.m.j.i.AbstractJavaProjectConfigurator - Adding source folder /maven_proyecto/src/test/java
2024-10-07 21:50:02,945 [Worker-6] INFO  o.e.m.w.i.f.ResourceFilteringBuildParticipant - Cleaning filtered folder for maven_proyecto
2024-10-07 21:50:03,063 [Worker-6] INFO  o.e.m.c.i.p.ProjectConfigurationManager - Update completed: 1 sec
2024-10-07 21:50:03,362 [Worker-21] WARN  o.e.m.c.i.embedder.EclipseLogger - Using platform encoding (Cp1252 actually) to copy filtered resources, i.e. build is platform dependent!
2024-10-07 21:50:03,363 [Worker-21] INFO  o.e.m.c.i.embedder.EclipseLogger - Copying 0 resource
2024-10-07 21:50:03,365 [Worker-21] WARN  o.e.m.c.i.embedder.EclipseLogger - Using platform encoding (Cp1252 actually) to copy filtered resources, i.e. build is platform dependent!
2024-10-07 21:50:03,366 [Worker-21] INFO  o.e.m.c.i.embedder.EclipseLogger - skip non existing resourceDirectory C:\Users\User\Desktop\PracticaMaven2\maven_proyecto\src\test\resources
2024-10-07 21:50:03,366 [Worker-21] INFO  o.e.m.w.i.f.ResourceFilteringBuildParticipant - Changed resources require a complete clean of filtered resources of maven_proyecto
2024-10-07 21:50:03,367 [Worker-21] INFO  o.e.m.w.i.f.ResourceFilteringBuildParticipant - Executing resource filtering for maven_proyecto
2024-10-07 21:50:03,371 [Worker-21] WARN  o.e.m.c.i.embedder.EclipseLogger - Using platform encoding (Cp1252 actually) to copy filtered resources, i.e. build is platform dependent!
2024-10-07 21:50:50,303 [Worker-6] INFO  o.e.m.c.i.l.LifecycleMappingFactory - Using org.maven.ide.eclipse.wtp.WarLifecycleMapping lifecycle mapping for MavenProject: com.ecodeup.mave:maven_proyecto:0.0.1-SNAPSHOT @ C:\Users\User\Desktop\PracticaMaven2\maven_proyecto\pom.xml.
2024-10-07 21:50:51,168 [Worker-6] WARN  o.e.m.c.i.embedder.EclipseLogger - Using platform encoding (Cp1252 actually) to copy filtered resources, i.e. build is platform dependent!
2024-10-07 21:50:51,170 [Worker-6] INFO  o.e.m.c.i.embedder.EclipseLogger - Copying 0 resource
2024-10-07 21:50:51,172 [Worker-6] WARN  o.e.m.c.i.embedder.EclipseLogger - Using platform encoding (Cp1252 actually) to copy filtered resources, i.e. build is platform dependent!
2024-10-07 21:50:51,173 [Worker-6] INFO  o.e.m.c.i.embedder.EclipseLogger - skip non existing resourceDirectory C:\Users\User\Desktop\PracticaMaven2\maven_proyecto\src\test\resources
2024-10-07 21:50:51,179 [Worker-6] INFO  o.e.m.w.i.f.ResourceFilteringBuildParticipant - Changed resources require a complete clean of filtered resources of maven_proyecto
2024-10-07 21:50:51,179 [Worker-6] INFO  o.e.m.w.i.f.ResourceFilteringBuildParticipant - Executing resource filtering for maven_proyecto
2024-10-07 21:50:51,184 [Worker-6] WARN  o.e.m.c.i.embedder.EclipseLogger - Using platform encoding (Cp1252 actually) to copy filtered resources, i.e. build is platform dependent!
2024-10-07 21:50:52,492 [Worker-22] WARN  o.e.m.c.i.embedder.EclipseLogger - Using platform encoding (Cp1252 actually) to copy filtered resources, i.e. build is platform dependent!
2024-10-07 21:50:52,493 [Worker-22] INFO  o.e.m.c.i.embedder.EclipseLogger - Copying 0 resource
2024-10-07 21:50:52,495 [Worker-22] WARN  o.e.m.c.i.embedder.EclipseLogger - Using platform encoding (Cp1252 actually) to copy filtered resources, i.e. build is platform dependent!
2024-10-07 21:50:52,496 [Worker-22] INFO  o.e.m.c.i.embedder.EclipseLogger - skip non existing resourceDirectory C:\Users\User\Desktop\PracticaMaven2\maven_proyecto\src\test\resources
2024-10-07 21:52:44,469 [Worker-17] INFO  o.e.m.c.i.l.LifecycleMappingFactory - Using org.maven.ide.eclipse.wtp.WarLifecycleMapping lifecycle mapping for MavenProject: com.ecodeup.mave:maven_proyecto:0.0.1-SNAPSHOT @ C:\Users\User\Desktop\PracticaMaven2\maven_proyecto\pom.xml.
2024-10-07 21:52:44,999 [Worker-17] INFO  o.e.m.c.i.e.AbstractTransferListenerAdapter - Downloaded https://repo.maven.apache.org/maven2/com/smartnews/maven-jpa-entity-generator-plugin/2.7.1/maven-jpa-entity-generator-plugin-2.7.1.pom
2024-10-07 21:52:45,002 [Worker-17] WARN  o.e.m.c.i.embedder.EclipseLogger - The POM for com.smartnews:maven-jpa-entity-generator-plugin:jar:2.7.1 is missing, no dependency information available
2024-10-07 21:52:45,144 [Worker-17] INFO  o.e.m.c.i.e.AbstractTransferListenerAdapter - Downloaded https://repo.maven.apache.org/maven2/com/smartnews/maven-jpa-entity-generator-plugin/2.7.1/maven-jpa-entity-generator-plugin-2.7.1.jar
2024-10-07 21:52:45,177 [Worker-17] WARN  o.e.m.c.i.embedder.EclipseLogger - The POM for com.smartnews:maven-jpa-entity-generator-plugin:jar:2.7.1 is missing, no dependency information available
2024-10-07 21:52:45,769 [Worker-17] WARN  o.e.m.c.i.embedder.EclipseLogger - Using platform encoding (Cp1252 actually) to copy filtered resources, i.e. build is platform dependent!
2024-10-07 21:52:45,771 [Worker-17] INFO  o.e.m.c.i.embedder.EclipseLogger - Copying 0 resource
2024-10-07 21:52:45,772 [Worker-17] WARN  o.e.m.c.i.embedder.EclipseLogger - Using platform encoding (Cp1252 actually) to copy filtered resources, i.e. build is platform dependent!
2024-10-07 21:52:45,773 [Worker-17] INFO  o.e.m.c.i.embedder.EclipseLogger - skip non existing resourceDirectory C:\Users\User\Desktop\PracticaMaven2\maven_proyecto\src\test\resources
2024-10-07 21:52:45,774 [Worker-17] INFO  o.e.m.w.i.f.ResourceFilteringBuildParticipant - Changed resources require a complete clean of filtered resources of maven_proyecto
2024-10-07 21:52:45,774 [Worker-17] INFO  o.e.m.w.i.f.ResourceFilteringBuildParticipant - Executing resource filtering for maven_proyecto
2024-10-07 21:52:45,777 [Worker-17] WARN  o.e.m.c.i.embedder.EclipseLogger - Using platform encoding (Cp1252 actually) to copy filtered resources, i.e. build is platform dependent!
2024-10-07 21:52:46,863 [Worker-17] WARN  o.e.m.c.i.embedder.EclipseLogger - The POM for com.smartnews:maven-jpa-entity-generator-plugin:jar:2.7.1 is missing, no dependency information available
2024-10-07 21:52:46,876 [Worker-17] WARN  o.e.m.c.i.embedder.EclipseLogger - Using platform encoding (Cp1252 actually) to copy filtered resources, i.e. build is platform dependent!
2024-10-07 21:52:46,879 [Worker-17] INFO  o.e.m.c.i.embedder.EclipseLogger - Copying 0 resource
2024-10-07 21:52:46,880 [Worker-17] WARN  o.e.m.c.i.embedder.EclipseLogger - Using platform encoding (Cp1252 actually) to copy filtered resources, i.e. build is platform dependent!
2024-10-07 21:52:46,881 [Worker-17] INFO  o.e.m.c.i.embedder.EclipseLogger - skip non existing resourceDirectory C:\Users\User\Desktop\PracticaMaven2\maven_proyecto\src\test\resources
2024-10-07 21:53:22,825 [Worker-23] INFO  o.e.m.c.i.l.LifecycleMappingFactory - Using org.maven.ide.eclipse.wtp.WarLifecycleMapping lifecycle mapping for MavenProject: com.ecodeup.mave:maven_proyecto:0.0.1-SNAPSHOT @ C:\Users\User\Desktop\PracticaMaven2\maven_proyecto\pom.xml.
2024-10-07 21:53:23,933 [Worker-23] WARN  o.e.m.c.i.embedder.EclipseLogger - Using platform encoding (Cp1252 actually) to copy filtered resources, i.e. build is platform dependent!
2024-10-07 21:53:23,935 [Worker-23] INFO  o.e.m.c.i.embedder.EclipseLogger - Copying 0 resource
2024-10-07 21:53:23,936 [Worker-23] WARN  o.e.m.c.i.embedder.EclipseLogger - Using platform encoding (Cp1252 actually) to copy filtered resources, i.e. build is platform dependent!
2024-10-07 21:53:23,937 [Worker-23] INFO  o.e.m.c.i.embedder.EclipseLogger - skip non existing resourceDirectory C:\Users\User\Desktop\PracticaMaven2\maven_proyecto\src\test\resources
2024-10-07 21:53:23,983 [Worker-23] INFO  o.e.m.w.i.f.ResourceFilteringBuildParticipant - Changed resources require a complete clean of filtered resources of maven_proyecto
2024-10-07 21:53:23,983 [Worker-23] INFO  o.e.m.w.i.f.ResourceFilteringBuildParticipant - Executing resource filtering for maven_proyecto
2024-10-07 21:53:23,987 [Worker-23] WARN  o.e.m.c.i.embedder.EclipseLogger - Using platform encoding (Cp1252 actually) to copy filtered resources, i.e. build is platform dependent!
2024-10-07 21:53:25,581 [Worker-23] WARN  o.e.m.c.i.embedder.EclipseLogger - Using platform encoding (Cp1252 actually) to copy filtered resources, i.e. build is platform dependent!
2024-10-07 21:53:25,584 [Worker-23] INFO  o.e.m.c.i.embedder.EclipseLogger - Copying 0 resource
2024-10-07 21:53:25,585 [Worker-23] WARN  o.e.m.c.i.embedder.EclipseLogger - Using platform encoding (Cp1252 actually) to copy filtered resources, i.e. build is platform dependent!
2024-10-07 21:53:25,586 [Worker-23] INFO  o.e.m.c.i.embedder.EclipseLogger - skip non existing resourceDirectory C:\Users\User\Desktop\PracticaMaven2\maven_proyecto\src\test\resources
2024-10-07 21:54:30,406 [Worker-21] INFO  o.e.m.c.i.l.LifecycleMappingFactory - Using org.maven.ide.eclipse.wtp.WarLifecycleMapping lifecycle mapping for MavenProject: com.ecodeup.mave:maven_proyecto:0.0.1-SNAPSHOT @ C:\Users\User\Desktop\PracticaMaven2\maven_proyecto\pom.xml.
2024-10-07 21:54:36,861 [Worker-21] WARN  o.e.m.c.i.embedder.EclipseLogger - Using platform encoding (Cp1252 actually) to copy filtered resources, i.e. build is platform dependent!
2024-10-07 21:54:36,865 [Worker-21] INFO  o.e.m.c.i.embedder.EclipseLogger - Copying 0 resource
2024-10-07 21:54:36,867 [Worker-21] WARN  o.e.m.c.i.embedder.EclipseLogger - Using platform encoding (Cp1252 actually) to copy filtered resources, i.e. build is platform dependent!
2024-10-07 21:54:36,875 [Worker-21] INFO  o.e.m.c.i.embedder.EclipseLogger - skip non existing resourceDirectory C:\Users\User\Desktop\PracticaMaven2\maven_proyecto\src\test\resources
2024-10-07 21:54:36,876 [Worker-21] INFO  o.e.m.w.i.f.ResourceFilteringBuildParticipant - Changed resources require a complete clean of filtered resources of maven_proyecto
2024-10-07 21:54:36,876 [Worker-21] INFO  o.e.m.w.i.f.ResourceFilteringBuildParticipant - Executing resource filtering for maven_proyecto
2024-10-07 21:54:36,880 [Worker-21] WARN  o.e.m.c.i.embedder.EclipseLogger - Using platform encoding (Cp1252 actually) to copy filtered resources, i.e. build is platform dependent!
2024-10-07 21:54:38,752 [Worker-23] WARN  o.e.m.c.i.embedder.EclipseLogger - Using platform encoding (Cp1252 actually) to copy filtered resources, i.e. build is platform dependent!
2024-10-07 21:54:38,754 [Worker-23] INFO  o.e.m.c.i.embedder.EclipseLogger - Copying 0 resource
2024-10-07 21:54:38,755 [Worker-23] WARN  o.e.m.c.i.embedder.EclipseLogger - Using platform encoding (Cp1252 actually) to copy filtered resources, i.e. build is platform dependent!
2024-10-07 21:54:38,756 [Worker-23] INFO  o.e.m.c.i.embedder.EclipseLogger - skip non existing resourceDirectory C:\Users\User\Desktop\PracticaMaven2\maven_proyecto\src\test\resources
2024-10-07 21:54:53,320 [Worker-17] INFO  o.e.m.c.i.p.ProjectConfigurationManager - Update started
2024-10-07 21:54:53,852 [Worker-17] INFO  o.e.m.c.i.l.LifecycleMappingFactory - Using org.maven.ide.eclipse.wtp.WarLifecycleMapping lifecycle mapping for MavenProject: com.ecodeup.mave:maven_proyecto:0.0.1-SNAPSHOT @ C:\Users\User\Desktop\PracticaMaven2\maven_proyecto\pom.xml.
2024-10-07 21:54:55,710 [Worker-17] INFO  o.e.m.j.i.AbstractJavaProjectConfigurator - Adding source folder /maven_proyecto/src/main/java
2024-10-07 21:54:55,711 [Worker-17] INFO  o.e.m.j.i.AbstractJavaProjectConfigurator - Adding resource folder /maven_proyecto/src/main/resources
2024-10-07 21:54:55,712 [Worker-17] INFO  o.e.m.j.i.AbstractJavaProjectConfigurator - Adding source folder /maven_proyecto/src/test/java
2024-10-07 21:54:56,879 [Worker-17] INFO  o.e.m.w.i.f.ResourceFilteringBuildParticipant - Cleaning filtered folder for maven_proyecto
2024-10-07 21:54:56,885 [Worker-17] INFO  o.e.m.c.i.p.ProjectConfigurationManager - Update completed: 3 sec
2024-10-07 21:54:59,831 [Worker-16] WARN  o.e.m.c.i.embedder.EclipseLogger - Using platform encoding (Cp1252 actually) to copy filtered resources, i.e. build is platform dependent!
2024-10-07 21:54:59,833 [Worker-16] INFO  o.e.m.c.i.embedder.EclipseLogger - Copying 0 resource
2024-10-07 21:54:59,834 [Worker-16] WARN  o.e.m.c.i.embedder.EclipseLogger - Using platform encoding (Cp1252 actually) to copy filtered resources, i.e. build is platform dependent!
2024-10-07 21:54:59,835 [Worker-16] INFO  o.e.m.c.i.embedder.EclipseLogger - skip non existing resourceDirectory C:\Users\User\Desktop\PracticaMaven2\maven_proyecto\src\test\resources
2024-10-07 21:54:59,836 [Worker-16] INFO  o.e.m.w.i.f.ResourceFilteringBuildParticipant - Changed resources require a complete clean of filtered resources of maven_proyecto
2024-10-07 21:54:59,836 [Worker-16] INFO  o.e.m.w.i.f.ResourceFilteringBuildParticipant - Executing resource filtering for maven_proyecto
2024-10-07 21:54:59,840 [Worker-16] WARN  o.e.m.c.i.embedder.EclipseLogger - Using platform encoding (Cp1252 actually) to copy filtered resources, i.e. build is platform dependent!
2024-10-07 21:56:50,913 [Worker-17] WARN  o.e.m.c.i.embedder.EclipseLogger - Using platform encoding (Cp1252 actually) to copy filtered resources, i.e. build is platform dependent!
2024-10-07 21:56:50,916 [Worker-17] INFO  o.e.m.c.i.embedder.EclipseLogger - Copying 0 resource
2024-10-07 21:56:50,917 [Worker-17] WARN  o.e.m.c.i.embedder.EclipseLogger - Using platform encoding (Cp1252 actually) to copy filtered resources, i.e. build is platform dependent!
2024-10-07 21:56:50,918 [Worker-17] INFO  o.e.m.c.i.embedder.EclipseLogger - skip non existing resourceDirectory C:\Users\User\Desktop\PracticaMaven2\maven_proyecto\src\test\resources
2024-10-07 21:57:07,764 [Worker-21] INFO  o.e.m.c.i.p.ProjectConfigurationManager - Update started
2024-10-07 21:57:08,705 [Worker-21] INFO  o.e.m.c.i.l.LifecycleMappingFactory - Using org.maven.ide.eclipse.wtp.WarLifecycleMapping lifecycle mapping for MavenProject: com.ecodeup.mave:maven_proyecto:0.0.1-SNAPSHOT @ C:\Users\User\Desktop\PracticaMaven2\maven_proyecto\pom.xml.
2024-10-07 21:57:12,228 [Worker-21] INFO  o.e.m.j.i.AbstractJavaProjectConfigurator - Adding source folder /maven_proyecto/src/main/java
2024-10-07 21:57:12,228 [Worker-21] INFO  o.e.m.j.i.AbstractJavaProjectConfigurator - Adding resource folder /maven_proyecto/src/main/resources
2024-10-07 21:57:12,229 [Worker-21] INFO  o.e.m.j.i.AbstractJavaProjectConfigurator - Adding source folder /maven_proyecto/src/test/java
2024-10-07 21:57:13,123 [Worker-21] INFO  o.e.m.w.i.f.ResourceFilteringBuildParticipant - Cleaning filtered folder for maven_proyecto
2024-10-07 21:57:13,128 [Worker-21] INFO  o.e.m.c.i.p.ProjectConfigurationManager - Update completed: 5 sec
2024-10-07 21:57:14,016 [Worker-16] WARN  o.e.m.c.i.embedder.EclipseLogger - Using platform encoding (Cp1252 actually) to copy filtered resources, i.e. build is platform dependent!
2024-10-07 21:57:14,017 [Worker-16] INFO  o.e.m.c.i.embedder.EclipseLogger - Copying 0 resource
2024-10-07 21:57:14,019 [Worker-16] WARN  o.e.m.c.i.embedder.EclipseLogger - Using platform encoding (Cp1252 actually) to copy filtered resources, i.e. build is platform dependent!
2024-10-07 21:57:14,020 [Worker-16] INFO  o.e.m.c.i.embedder.EclipseLogger - skip non existing resourceDirectory C:\Users\User\Desktop\PracticaMaven2\maven_proyecto\src\test\resources
2024-10-07 21:57:14,020 [Worker-16] INFO  o.e.m.w.i.f.ResourceFilteringBuildParticipant - Changed resources require a complete clean of filtered resources of maven_proyecto
2024-10-07 21:57:14,020 [Worker-16] INFO  o.e.m.w.i.f.ResourceFilteringBuildParticipant - Executing resource filtering for maven_proyecto
2024-10-07 21:57:14,025 [Worker-16] WARN  o.e.m.c.i.embedder.EclipseLogger - Using platform encoding (Cp1252 actually) to copy filtered resources, i.e. build is platform dependent!
2024-10-07 22:01:39,391 [Worker-16] INFO  o.e.m.c.i.l.LifecycleMappingFactory - Using org.maven.ide.eclipse.wtp.WarLifecycleMapping lifecycle mapping for MavenProject: com.ecodeup.mave:maven_proyecto:0.0.1-SNAPSHOT @ C:\Users\User\Desktop\PracticaMaven2\maven_proyecto\pom.xml.
2024-10-07 22:01:44,170 [Worker-16] WARN  o.e.m.c.i.embedder.EclipseLogger - Using platform encoding (Cp1252 actually) to copy filtered resources, i.e. build is platform dependent!
2024-10-07 22:01:44,172 [Worker-16] INFO  o.e.m.c.i.embedder.EclipseLogger - Copying 0 resource
2024-10-07 22:01:44,174 [Worker-16] WARN  o.e.m.c.i.embedder.EclipseLogger - Using platform encoding (Cp1252 actually) to copy filtered resources, i.e. build is platform dependent!
2024-10-07 22:01:44,175 [Worker-16] INFO  o.e.m.c.i.embedder.EclipseLogger - skip non existing resourceDirectory C:\Users\User\Desktop\PracticaMaven2\maven_proyecto\src\test\resources
2024-10-07 22:01:44,175 [Worker-16] INFO  o.e.m.w.i.f.ResourceFilteringBuildParticipant - Changed resources require a complete clean of filtered resources of maven_proyecto
2024-10-07 22:01:44,175 [Worker-16] INFO  o.e.m.w.i.f.ResourceFilteringBuildParticipant - Executing resource filtering for maven_proyecto
2024-10-07 22:01:44,178 [Worker-16] WARN  o.e.m.c.i.embedder.EclipseLogger - Using platform encoding (Cp1252 actually) to copy filtered resources, i.e. build is platform dependent!
2024-10-07 22:02:22,970 [Worker-16] INFO  o.e.m.c.i.p.ProjectConfigurationManager - Update started
2024-10-07 22:02:23,433 [Worker-16] INFO  o.e.m.c.i.l.LifecycleMappingFactory - Using org.maven.ide.eclipse.wtp.WarLifecycleMapping lifecycle mapping for MavenProject: com.ecodeup.mave:maven_proyecto:0.0.1-SNAPSHOT @ C:\Users\User\Desktop\PracticaMaven2\maven_proyecto\pom.xml.
2024-10-07 22:02:24,952 [Worker-16] INFO  o.e.m.j.i.AbstractJavaProjectConfigurator - Adding source folder /maven_proyecto/src/main/java
2024-10-07 22:02:24,953 [Worker-16] INFO  o.e.m.j.i.AbstractJavaProjectConfigurator - Adding resource folder /maven_proyecto/src/main/resources
2024-10-07 22:02:24,953 [Worker-16] INFO  o.e.m.j.i.AbstractJavaProjectConfigurator - Adding source folder /maven_proyecto/src/test/java
2024-10-07 22:02:25,765 [Worker-16] INFO  o.e.m.w.i.f.ResourceFilteringBuildParticipant - Cleaning filtered folder for maven_proyecto
2024-10-07 22:02:25,771 [Worker-16] INFO  o.e.m.c.i.p.ProjectConfigurationManager - Update completed: 2 sec
2024-10-07 22:02:26,640 [Worker-24] WARN  o.e.m.c.i.embedder.EclipseLogger - Using platform encoding (Cp1252 actually) to copy filtered resources, i.e. build is platform dependent!
2024-10-07 22:02:26,642 [Worker-24] INFO  o.e.m.c.i.embedder.EclipseLogger - Copying 0 resource
2024-10-07 22:02:26,643 [Worker-24] WARN  o.e.m.c.i.embedder.EclipseLogger - Using platform encoding (Cp1252 actually) to copy filtered resources, i.e. build is platform dependent!
2024-10-07 22:02:26,644 [Worker-24] INFO  o.e.m.c.i.embedder.EclipseLogger - skip non existing resourceDirectory C:\Users\User\Desktop\PracticaMaven2\maven_proyecto\src\test\resources
2024-10-07 22:02:26,644 [Worker-24] INFO  o.e.m.w.i.f.ResourceFilteringBuildParticipant - Changed resources require a complete clean of filtered resources of maven_proyecto
2024-10-07 22:02:26,644 [Worker-24] INFO  o.e.m.w.i.f.ResourceFilteringBuildParticipant - Executing resource filtering for maven_proyecto
2024-10-07 22:02:26,647 [Worker-24] WARN  o.e.m.c.i.embedder.EclipseLogger - Using platform encoding (Cp1252 actually) to copy filtered resources, i.e. build is platform dependent!
2024-10-07 22:04:35,909 [Worker-19] WARN  o.e.m.c.i.embedder.EclipseLogger - Using platform encoding (Cp1252 actually) to copy filtered resources, i.e. build is platform dependent!
2024-10-07 22:04:35,914 [Worker-19] INFO  o.e.m.c.i.embedder.EclipseLogger - Copying 0 resource
2024-10-07 22:04:35,915 [Worker-19] WARN  o.e.m.c.i.embedder.EclipseLogger - Using platform encoding (Cp1252 actually) to copy filtered resources, i.e. build is platform dependent!
2024-10-07 22:04:35,916 [Worker-19] INFO  o.e.m.c.i.embedder.EclipseLogger - skip non existing resourceDirectory C:\Users\User\Desktop\PracticaMaven2\maven_proyecto\src\test\resources
2024-10-07 22:04:54,853 [Worker-25] INFO  o.e.m.c.i.p.ProjectConfigurationManager - Update started
2024-10-07 22:04:55,338 [Worker-25] INFO  o.e.m.c.i.l.LifecycleMappingFactory - Using org.maven.ide.eclipse.wtp.WarLifecycleMapping lifecycle mapping for MavenProject: com.ecodeup.mave:maven_proyecto:0.0.1-SNAPSHOT @ C:\Users\User\Desktop\PracticaMaven2\maven_proyecto\pom.xml.
2024-10-07 22:04:56,835 [Worker-25] INFO  o.e.m.j.i.AbstractJavaProjectConfigurator - Adding source folder /maven_proyecto/src/main/java
2024-10-07 22:04:56,836 [Worker-25] INFO  o.e.m.j.i.AbstractJavaProjectConfigurator - Adding resource folder /maven_proyecto/src/main/resources
2024-10-07 22:04:56,837 [Worker-25] INFO  o.e.m.j.i.AbstractJavaProjectConfigurator - Adding source folder /maven_proyecto/src/test/java
2024-10-07 22:04:57,607 [Worker-25] INFO  o.e.m.w.i.f.ResourceFilteringBuildParticipant - Cleaning filtered folder for maven_proyecto
2024-10-07 22:04:57,615 [Worker-25] INFO  o.e.m.c.i.p.ProjectConfigurationManager - Update completed: 2 sec
2024-10-07 22:04:58,616 [Worker-19] WARN  o.e.m.c.i.embedder.EclipseLogger - Using platform encoding (Cp1252 actually) to copy filtered resources, i.e. build is platform dependent!
2024-10-07 22:04:58,618 [Worker-19] INFO  o.e.m.c.i.embedder.EclipseLogger - Copying 0 resource
2024-10-07 22:04:58,620 [Worker-19] WARN  o.e.m.c.i.embedder.EclipseLogger - Using platform encoding (Cp1252 actually) to copy filtered resources, i.e. build is platform dependent!
2024-10-07 22:04:58,621 [Worker-19] INFO  o.e.m.c.i.embedder.EclipseLogger - skip non existing resourceDirectory C:\Users\User\Desktop\PracticaMaven2\maven_proyecto\src\test\resources
2024-10-07 22:04:58,621 [Worker-19] INFO  o.e.m.w.i.f.ResourceFilteringBuildParticipant - Changed resources require a complete clean of filtered resources of maven_proyecto
2024-10-07 22:04:58,621 [Worker-19] INFO  o.e.m.w.i.f.ResourceFilteringBuildParticipant - Executing resource filtering for maven_proyecto
2024-10-07 22:04:58,625 [Worker-19] WARN  o.e.m.c.i.embedder.EclipseLogger - Using platform encoding (Cp1252 actually) to copy filtered resources, i.e. build is platform dependent!
2024-10-07 22:05:20,445 [Worker-16] WARN  o.e.m.c.i.embedder.EclipseLogger - Using platform encoding (Cp1252 actually) to copy filtered resources, i.e. build is platform dependent!
2024-10-07 22:05:20,449 [Worker-16] INFO  o.e.m.c.i.embedder.EclipseLogger - Copying 0 resource
2024-10-07 22:05:20,449 [Worker-16] WARN  o.e.m.c.i.embedder.EclipseLogger - Using platform encoding (Cp1252 actually) to copy filtered resources, i.e. build is platform dependent!
2024-10-07 22:05:20,450 [Worker-16] INFO  o.e.m.c.i.embedder.EclipseLogger - skip non existing resourceDirectory C:\Users\User\Desktop\PracticaMaven2\maven_proyecto\src\test\resources
2024-10-07 22:05:36,317 [Worker-26] WARN  o.e.m.c.i.embedder.EclipseLogger - Using platform encoding (Cp1252 actually) to copy filtered resources, i.e. build is platform dependent!
2024-10-07 22:05:36,319 [Worker-26] INFO  o.e.m.c.i.embedder.EclipseLogger - Copying 0 resource
2024-10-07 22:05:36,320 [Worker-26] WARN  o.e.m.c.i.embedder.EclipseLogger - Using platform encoding (Cp1252 actually) to copy filtered resources, i.e. build is platform dependent!
2024-10-07 22:05:36,321 [Worker-26] INFO  o.e.m.c.i.embedder.EclipseLogger - skip non existing resourceDirectory C:\Users\User\Desktop\PracticaMaven2\maven_proyecto\src\test\resources
2024-10-07 22:06:21,095 [Worker-27] WARN  o.e.m.c.i.embedder.EclipseLogger - Using platform encoding (Cp1252 actually) to copy filtered resources, i.e. build is platform dependent!
2024-10-07 22:06:21,096 [Worker-27] INFO  o.e.m.c.i.embedder.EclipseLogger - Copying 0 resource
2024-10-07 22:06:21,097 [Worker-27] WARN  o.e.m.c.i.embedder.EclipseLogger - Using platform encoding (Cp1252 actually) to copy filtered resources, i.e. build is platform dependent!
2024-10-07 22:06:21,098 [Worker-27] INFO  o.e.m.c.i.embedder.EclipseLogger - skip non existing resourceDirectory C:\Users\User\Desktop\PracticaMaven2\maven_proyecto\src\test\resources
2024-10-07 22:06:30,347 [Worker-16] INFO  o.e.m.c.i.p.ProjectConfigurationManager - Update started
2024-10-07 22:06:30,822 [Worker-16] INFO  o.e.m.c.i.l.LifecycleMappingFactory - Using org.maven.ide.eclipse.wtp.WarLifecycleMapping lifecycle mapping for MavenProject: com.ecodeup.mave:maven_proyecto:0.0.1-SNAPSHOT @ C:\Users\User\Desktop\PracticaMaven2\maven_proyecto\pom.xml.
2024-10-07 22:06:32,321 [Worker-16] INFO  o.e.m.j.i.AbstractJavaProjectConfigurator - Adding source folder /maven_proyecto/src/main/java
2024-10-07 22:06:32,321 [Worker-16] INFO  o.e.m.j.i.AbstractJavaProjectConfigurator - Adding resource folder /maven_proyecto/src/main/resources
2024-10-07 22:06:32,322 [Worker-16] INFO  o.e.m.j.i.AbstractJavaProjectConfigurator - Adding source folder /maven_proyecto/src/test/java
2024-10-07 22:06:33,142 [Worker-16] INFO  o.e.m.w.i.f.ResourceFilteringBuildParticipant - Cleaning filtered folder for maven_proyecto
2024-10-07 22:06:33,151 [Worker-16] INFO  o.e.m.c.i.p.ProjectConfigurationManager - Update completed: 2 sec
2024-10-07 22:06:34,415 [Worker-16] WARN  o.e.m.c.i.embedder.EclipseLogger - Using platform encoding (Cp1252 actually) to copy filtered resources, i.e. build is platform dependent!
2024-10-07 22:06:34,416 [Worker-16] INFO  o.e.m.c.i.embedder.EclipseLogger - Copying 0 resource
2024-10-07 22:06:34,417 [Worker-16] WARN  o.e.m.c.i.embedder.EclipseLogger - Using platform encoding (Cp1252 actually) to copy filtered resources, i.e. build is platform dependent!
2024-10-07 22:06:34,418 [Worker-16] INFO  o.e.m.c.i.embedder.EclipseLogger - skip non existing resourceDirectory C:\Users\User\Desktop\PracticaMaven2\maven_proyecto\src\test\resources
2024-10-07 22:06:34,418 [Worker-16] INFO  o.e.m.w.i.f.ResourceFilteringBuildParticipant - Changed resources require a complete clean of filtered resources of maven_proyecto
2024-10-07 22:06:34,419 [Worker-16] INFO  o.e.m.w.i.f.ResourceFilteringBuildParticipant - Executing resource filtering for maven_proyecto
2024-10-07 22:06:34,421 [Worker-16] WARN  o.e.m.c.i.embedder.EclipseLogger - Using platform encoding (Cp1252 actually) to copy filtered resources, i.e. build is platform dependent!
2024-10-07 22:22:14,581 [Worker-32] WARN  o.e.m.c.i.embedder.EclipseLogger - Using platform encoding (Cp1252 actually) to copy filtered resources, i.e. build is platform dependent!
2024-10-07 22:22:14,585 [Worker-32] INFO  o.e.m.c.i.embedder.EclipseLogger - Copying 0 resource
2024-10-07 22:22:14,586 [Worker-32] WARN  o.e.m.c.i.embedder.EclipseLogger - Using platform encoding (Cp1252 actually) to copy filtered resources, i.e. build is platform dependent!
2024-10-07 22:22:14,587 [Worker-32] INFO  o.e.m.c.i.embedder.EclipseLogger - skip non existing resourceDirectory C:\Users\User\Desktop\PracticaMaven2\maven_proyecto\src\test\resources
2024-10-07 22:22:18,217 [Worker-32] WARN  o.e.m.c.i.embedder.EclipseLogger - Using platform encoding (Cp1252 actually) to copy filtered resources, i.e. build is platform dependent!
2024-10-07 22:22:18,218 [Worker-32] INFO  o.e.m.c.i.embedder.EclipseLogger - Copying 0 resource
2024-10-07 22:22:18,219 [Worker-32] WARN  o.e.m.c.i.embedder.EclipseLogger - Using platform encoding (Cp1252 actually) to copy filtered resources, i.e. build is platform dependent!
2024-10-07 22:22:18,220 [Worker-32] INFO  o.e.m.c.i.embedder.EclipseLogger - skip non existing resourceDirectory C:\Users\User\Desktop\PracticaMaven2\maven_proyecto\src\test\resources
2024-10-07 22:22:42,053 [Worker-32] WARN  o.e.m.c.i.embedder.EclipseLogger - Using platform encoding (Cp1252 actually) to copy filtered resources, i.e. build is platform dependent!
2024-10-07 22:22:42,055 [Worker-32] INFO  o.e.m.c.i.embedder.EclipseLogger - Copying 0 resource
2024-10-07 22:22:42,056 [Worker-32] WARN  o.e.m.c.i.embedder.EclipseLogger - Using platform encoding (Cp1252 actually) to copy filtered resources, i.e. build is platform dependent!
2024-10-07 22:22:42,058 [Worker-32] INFO  o.e.m.c.i.embedder.EclipseLogger - skip non existing resourceDirectory C:\Users\User\Desktop\PracticaMaven2\maven_proyecto\src\test\resources
2024-10-07 22:22:45,482 [Worker-35] WARN  o.e.m.c.i.embedder.EclipseLogger - Using platform encoding (Cp1252 actually) to copy filtered resources, i.e. build is platform dependent!
2024-10-07 22:22:45,483 [Worker-35] INFO  o.e.m.c.i.embedder.EclipseLogger - Copying 0 resource
2024-10-07 22:22:45,485 [Worker-35] WARN  o.e.m.c.i.embedder.EclipseLogger - Using platform encoding (Cp1252 actually) to copy filtered resources, i.e. build is platform dependent!
2024-10-07 22:22:45,486 [Worker-35] INFO  o.e.m.c.i.embedder.EclipseLogger - skip non existing resourceDirectory C:\Users\User\Desktop\PracticaMaven2\maven_proyecto\src\test\resources
2024-10-07 22:22:49,751 [Worker-32] WARN  o.e.m.c.i.embedder.EclipseLogger - Using platform encoding (Cp1252 actually) to copy filtered resources, i.e. build is platform dependent!
2024-10-07 22:22:49,753 [Worker-32] INFO  o.e.m.c.i.embedder.EclipseLogger - Copying 0 resource
2024-10-07 22:22:49,754 [Worker-32] WARN  o.e.m.c.i.embedder.EclipseLogger - Using platform encoding (Cp1252 actually) to copy filtered resources, i.e. build is platform dependent!
2024-10-07 22:22:49,755 [Worker-32] INFO  o.e.m.c.i.embedder.EclipseLogger - skip non existing resourceDirectory C:\Users\User\Desktop\PracticaMaven2\maven_proyecto\src\test\resources
2024-10-07 22:22:51,722 [Worker-34] WARN  o.e.m.c.i.embedder.EclipseLogger - Using platform encoding (Cp1252 actually) to copy filtered resources, i.e. build is platform dependent!
2024-10-07 22:22:51,723 [Worker-34] INFO  o.e.m.c.i.embedder.EclipseLogger - Copying 0 resource
2024-10-07 22:22:51,724 [Worker-34] WARN  o.e.m.c.i.embedder.EclipseLogger - Using platform encoding (Cp1252 actually) to copy filtered resources, i.e. build is platform dependent!
2024-10-07 22:22:51,725 [Worker-34] INFO  o.e.m.c.i.embedder.EclipseLogger - skip non existing resourceDirectory C:\Users\User\Desktop\PracticaMaven2\maven_proyecto\src\test\resources
2024-10-07 22:24:55,406 [Worker-33] WARN  o.e.m.c.i.embedder.EclipseLogger - Using platform encoding (Cp1252 actually) to copy filtered resources, i.e. build is platform dependent!
2024-10-07 22:24:55,408 [Worker-33] INFO  o.e.m.c.i.embedder.EclipseLogger - Copying 0 resource
2024-10-07 22:24:55,409 [Worker-33] WARN  o.e.m.c.i.embedder.EclipseLogger - Using platform encoding (Cp1252 actually) to copy filtered resources, i.e. build is platform dependent!
2024-10-07 22:24:55,410 [Worker-33] INFO  o.e.m.c.i.embedder.EclipseLogger - skip non existing resourceDirectory C:\Users\User\Desktop\PracticaMaven2\maven_proyecto\src\test\resources
2024-10-07 22:27:24,920 [Worker-29] WARN  o.e.m.c.i.embedder.EclipseLogger - Using platform encoding (Cp1252 actually) to copy filtered resources, i.e. build is platform dependent!
2024-10-07 22:27:24,922 [Worker-29] INFO  o.e.m.c.i.embedder.EclipseLogger - Copying 0 resource
2024-10-07 22:27:24,923 [Worker-29] WARN  o.e.m.c.i.embedder.EclipseLogger - Using platform encoding (Cp1252 actually) to copy filtered resources, i.e. build is platform dependent!
2024-10-07 22:27:24,924 [Worker-29] INFO  o.e.m.c.i.embedder.EclipseLogger - skip non existing resourceDirectory C:\Users\User\Desktop\PracticaMaven2\maven_proyecto\src\test\resources
2024-10-07 22:27:53,261 [Worker-36] WARN  o.e.m.c.i.embedder.EclipseLogger - Using platform encoding (Cp1252 actually) to copy filtered resources, i.e. build is platform dependent!
2024-10-07 22:27:53,262 [Worker-36] INFO  o.e.m.c.i.embedder.EclipseLogger - Copying 0 resource
2024-10-07 22:27:53,263 [Worker-36] WARN  o.e.m.c.i.embedder.EclipseLogger - Using platform encoding (Cp1252 actually) to copy filtered resources, i.e. build is platform dependent!
2024-10-07 22:27:53,264 [Worker-36] INFO  o.e.m.c.i.embedder.EclipseLogger - skip non existing resourceDirectory C:\Users\User\Desktop\PracticaMaven2\maven_proyecto\src\test\resources
2024-10-07 22:28:03,202 [Worker-33] WARN  o.e.m.c.i.embedder.EclipseLogger - Using platform encoding (Cp1252 actually) to copy filtered resources, i.e. build is platform dependent!
2024-10-07 22:28:03,203 [Worker-33] INFO  o.e.m.c.i.embedder.EclipseLogger - Copying 0 resource
2024-10-07 22:28:03,204 [Worker-33] WARN  o.e.m.c.i.embedder.EclipseLogger - Using platform encoding (Cp1252 actually) to copy filtered resources, i.e. build is platform dependent!
2024-10-07 22:28:03,205 [Worker-33] INFO  o.e.m.c.i.embedder.EclipseLogger - skip non existing resourceDirectory C:\Users\User\Desktop\PracticaMaven2\maven_proyecto\src\test\resources
2024-10-07 22:28:38,019 [Worker-30] WARN  o.e.m.c.i.embedder.EclipseLogger - Using platform encoding (Cp1252 actually) to copy filtered resources, i.e. build is platform dependent!
2024-10-07 22:28:38,020 [Worker-30] INFO  o.e.m.c.i.embedder.EclipseLogger - Copying 0 resource
2024-10-07 22:28:38,021 [Worker-30] WARN  o.e.m.c.i.embedder.EclipseLogger - Using platform encoding (Cp1252 actually) to copy filtered resources, i.e. build is platform dependent!
2024-10-07 22:28:38,022 [Worker-30] INFO  o.e.m.c.i.embedder.EclipseLogger - skip non existing resourceDirectory C:\Users\User\Desktop\PracticaMaven2\maven_proyecto\src\test\resources
2024-10-07 22:41:49,574 [Worker-30] INFO  o.e.m.c.i.p.ProjectConfigurationManager - Collecting project info '/pom.xml' C:\Users\User\Desktop\PracticaMaven2\ya\pom.xml
2024-10-07 22:41:50,361 [Worker-30] INFO  o.e.m.c.i.l.LifecycleMappingFactory - Using org.maven.ide.eclipse.wtp.WarLifecycleMapping lifecycle mapping for MavenProject: com.ecodeup.mave:ya:0.0.1-SNAPSHOT @ C:\Users\User\Desktop\PracticaMaven2\ya\pom.xml.
2024-10-07 22:41:50,465 [Worker-30] INFO  o.e.m.j.i.AbstractJavaProjectConfigurator - Adding source folder /ya/src/main/java
2024-10-07 22:41:50,465 [Worker-30] INFO  o.e.m.j.i.AbstractJavaProjectConfigurator - Adding resource folder /ya/src/main/resources
2024-10-07 22:41:50,466 [Worker-30] INFO  o.e.m.j.i.AbstractJavaProjectConfigurator - Adding source folder /ya/src/test/java
2024-10-07 22:41:50,966 [Worker-30] INFO  o.e.m.c.i.p.ProjectConfigurationManager - Imported and configured 1 project(s) in 1 sec
2024-10-07 22:41:51,301 [Worker-40] WARN  o.e.m.c.i.embedder.EclipseLogger - Using platform encoding (Cp1252 actually) to copy filtered resources, i.e. build is platform dependent!
2024-10-07 22:41:51,303 [Worker-40] INFO  o.e.m.c.i.embedder.EclipseLogger - Copying 0 resource
2024-10-07 22:41:51,304 [Worker-40] WARN  o.e.m.c.i.embedder.EclipseLogger - Using platform encoding (Cp1252 actually) to copy filtered resources, i.e. build is platform dependent!
2024-10-07 22:41:51,305 [Worker-40] INFO  o.e.m.c.i.embedder.EclipseLogger - skip non existing resourceDirectory C:\Users\User\Desktop\PracticaMaven2\ya\src\test\resources
2024-10-07 22:41:52,444 [Worker-30] WARN  o.e.m.c.i.embedder.EclipseLogger - Using platform encoding (Cp1252 actually) to copy filtered resources, i.e. build is platform dependent!
2024-10-07 22:41:52,446 [Worker-30] INFO  o.e.m.c.i.embedder.EclipseLogger - Copying 0 resource
2024-10-07 22:41:52,446 [Worker-30] WARN  o.e.m.c.i.embedder.EclipseLogger - Using platform encoding (Cp1252 actually) to copy filtered resources, i.e. build is platform dependent!
2024-10-07 22:41:52,447 [Worker-30] INFO  o.e.m.c.i.embedder.EclipseLogger - skip non existing resourceDirectory C:\Users\User\Desktop\PracticaMaven2\ya\src\test\resources
